Using pre-set license
Built from '2020.3/staging' branch; Version is '2020.3.6f1 (338bb68529b2) revision 3378102'; Using compiler version '192528614'; Build Type 'Release'
OS: 'Windows 10 Pro; OS build 19042.928; Version 2009; 64bit' Language: 'en' Physical Memory: 32655 MB
BatchMode: 1, IsHumanControllingUs: 0, StartBugReporterOnCrash: 0, Is64bit: 1, IsPro: 0

 COMMAND LINE ARGUMENTS:
C:\Program Files\Unity\Hub\Editor\2020.3.6f1\Editor\Unity.exe
-adb2
-batchMode
-noUpm
-name
AssetImportWorker0
-projectPath
E:/Projects/Senior_Project_2020
-logFile
Logs/AssetImportWorker0.log
-srvPort
57839
Successfully changed project path to: E:/Projects/Senior_Project_2020
E:/Projects/Senior_Project_2020
Using Asset Import Pipeline V2.
Refreshing native plugins compatible for Editor in 23.91 ms, found 0 plugins.
Preloading 0 native plugins for Editor in 0.00 ms.
Initialize engine version: 2020.3.6f1 (338bb68529b2)
[Subsystems] Discovering subsystems at path C:/Program Files/Unity/Hub/Editor/2020.3.6f1/Editor/Data/Resources/UnitySubsystems
[Subsystems] Discovering subsystems at path E:/Projects/Senior_Project_2020/Assets
GfxDevice: creating device client; threaded=0
Direct3D:
    Version:  Direct3D 11.0 [level 11.1]
    Renderer: NVIDIA GeForce GTX 1080 (ID=0x1b80)
    Vendor:   
    VRAM:     8079 MB
    Driver:   27.21.14.6611
Initialize mono
Mono path[0] = 'C:/Program Files/Unity/Hub/Editor/2020.3.6f1/Editor/Data/Managed'
Mono path[1] = 'C:/Program Files/Unity/Hub/Editor/2020.3.6f1/Editor/Data/MonoBleedingEdge/lib/mono/unityjit'
Mono config path = 'C:/Program Files/Unity/Hub/Editor/2020.3.6f1/Editor/Data/MonoBleedingEdge/etc'
Using monoOptions --debugger-agent=transport=dt_socket,embedding=1,server=y,suspend=n,address=127.0.0.1:56364
Begin MonoManager ReloadAssembly
Registering precompiled unity dll's ...
Register platform support module: C:/Program Files/Unity/Hub/Editor/2020.3.6f1/Editor/Data/PlaybackEngines/WindowsStandaloneSupport/UnityEditor.WindowsStandalone.Extensions.dll
Registered in 0.001589 seconds.
Native extension for WindowsStandalone target not found
Refreshing native plugins compatible for Editor in 21.91 ms, found 0 plugins.
Preloading 0 native plugins for Editor in 0.00 ms.
Mono: successfully reloaded assembly
- Completed reload, in  0.791 seconds
Platform modules already initialized, skipping
Registering precompiled user dll's ...
Registered in 0.000346 seconds.
Begin MonoManager ReloadAssembly
Native extension for WindowsStandalone target not found
Refreshing native plugins compatible for Editor in 0.24 ms, found 0 plugins.
Preloading 0 native plugins for Editor in 0.00 ms.
Mono: successfully reloaded assembly
- Completed reload, in  0.659 seconds
Platform modules already initialized, skipping
========================================================================
Worker process is ready to serve import requests
Launched and connected shader compiler UnityShaderCompiler.exe after 0.03 seconds
Refreshing native plugins compatible for Editor in 0.48 ms, found 0 plugins.
Preloading 0 native plugins for Editor in 0.00 ms.
Unloading 1271 Unused Serialized files (Serialized files now loaded: 0)
System memory in use before: 68.1 MB.
System memory in use after: 68.2 MB.

Unloading 9 unused Assets to reduce memory usage. Loaded Objects now: 1718.
Total: 2.698000 ms (FindLiveObjects: 0.370800 ms CreateObjectMapping: 0.064300 ms MarkObjects: 2.189200 ms  DeleteObjects: 0.072300 ms)

========================================================================
Received Import Request.
  path: Assets/BuildSubject Profile.asset
  artifactKey: Guid(79dea292b9797a648bdf2bfd88b7b546) Importer(815301076,1909f56bfc062723c751e8b465ee728b)
Start importing Assets/BuildSubject Profile.asset using Guid(79dea292b9797a648bdf2bfd88b7b546) Importer(815301076,1909f56bfc062723c751e8b465ee728b)  -> (artifact id: '979746ec714f6e215cb380bb03ddeee6') in 0.029005 seconds
  Import took 0.031101 seconds .

========================================================================
Received Import Request.
  Time since last request: 0.000221 seconds.
  path: Assets/PlasmaGun Profile.asset
  artifactKey: Guid(d6c7f70ea84089148b8994b47b9ab607) Importer(815301076,1909f56bfc062723c751e8b465ee728b)
Start importing Assets/PlasmaGun Profile.asset using Guid(d6c7f70ea84089148b8994b47b9ab607) Importer(815301076,1909f56bfc062723c751e8b465ee728b)  -> (artifact id: '4c55708216d3b1e197f248ddb6f63be6') in 0.005933 seconds
  Import took 0.008108 seconds .

========================================================================
Received Import Request.
  Time since last request: 0.000160 seconds.
  path: Assets/Bullet Profile.asset
  artifactKey: Guid(1a704ae1645aad6469a4a3d3b425121a) Importer(815301076,1909f56bfc062723c751e8b465ee728b)
Start importing Assets/Bullet Profile.asset using Guid(1a704ae1645aad6469a4a3d3b425121a) Importer(815301076,1909f56bfc062723c751e8b465ee728b)  -> (artifact id: '9963602c4316a5714677929d5529f1f4') in 0.004043 seconds
  Import took 0.005573 seconds .

========================================================================
Received Import Request.
  Time since last request: 0.000122 seconds.
  path: Assets/Rocket Profile.asset
  artifactKey: Guid(175119353b7373f46bb35a30e1e53fa6) Importer(815301076,1909f56bfc062723c751e8b465ee728b)
Start importing Assets/Rocket Profile.asset using Guid(175119353b7373f46bb35a30e1e53fa6) Importer(815301076,1909f56bfc062723c751e8b465ee728b)  -> (artifact id: '254685ca4149ab79ddcb5df926486572') in 0.004632 seconds
  Import took 0.006153 seconds .

========================================================================
Received Import Request.
  Time since last request: 0.000154 seconds.
  path: Assets/Camera Profile 1.asset
  artifactKey: Guid(7980299dcaa578f4689aee485fe0e8d5) Importer(815301076,1909f56bfc062723c751e8b465ee728b)
Start importing Assets/Camera Profile 1.asset using Guid(7980299dcaa578f4689aee485fe0e8d5) Importer(815301076,1909f56bfc062723c751e8b465ee728b)  -> (artifact id: '617510b0d097695c6e400c2baed1f9a6') in 0.013176 seconds
  Import took 0.014820 seconds .

========================================================================
Received Import Request.
  Time since last request: 0.000189 seconds.
  path: Assets/Camera Profile.asset
  artifactKey: Guid(487e78c85365a5c4d901f1afcf3729bd) Importer(815301076,1909f56bfc062723c751e8b465ee728b)
Start importing Assets/Camera Profile.asset using Guid(487e78c85365a5c4d901f1afcf3729bd) Importer(815301076,1909f56bfc062723c751e8b465ee728b)  -> (artifact id: 'ca3663f5e3132173c6de2016f6c1651f') in 0.005045 seconds
  Import took 0.006892 seconds .

========================================================================
Received Import Request.
  Time since last request: 0.000124 seconds.
  path: Assets/Spire Profile.asset
  artifactKey: Guid(c48f613198e17b14d855adacd5c41187) Importer(815301076,1909f56bfc062723c751e8b465ee728b)
Start importing Assets/Spire Profile.asset using Guid(c48f613198e17b14d855adacd5c41187) Importer(815301076,1909f56bfc062723c751e8b465ee728b)  -> (artifact id: '494d6da2bcf19518d08a5395b16ab03d') in 0.004827 seconds
  Import took 0.006420 seconds .

========================================================================
Received Import Request.
  Time since last request: 0.000149 seconds.
  path: Assets/MissileLauncher Profile.asset
  artifactKey: Guid(76b431d683775a34dbbc5bd4c215f7ee) Importer(815301076,1909f56bfc062723c751e8b465ee728b)
Start importing Assets/MissileLauncher Profile.asset using Guid(76b431d683775a34dbbc5bd4c215f7ee) Importer(815301076,1909f56bfc062723c751e8b465ee728b)  -> (artifact id: '1e47743efe1b7583d274010a85f23894') in 0.004321 seconds
  Import took 0.005772 seconds .

========================================================================
Received Prepare
Registering precompiled user dll's ...
Registered in 0.000440 seconds.
Begin MonoManager ReloadAssembly
Native extension for WindowsStandalone target not found
Refreshing native plugins compatible for Editor in 0.24 ms, found 0 plugins.
Preloading 0 native plugins for Editor in 0.00 ms.
Mono: successfully reloaded assembly
- Completed reload, in  0.613 seconds
Platform modules already initialized, skipping
Refreshing native plugins compatible for Editor in 0.25 ms, found 0 plugins.
Preloading 0 native plugins for Editor in 0.00 ms.
Unloading 1228 Unused Serialized files (Serialized files now loaded: 0)
System memory in use before: 64.5 MB.
System memory in use after: 64.6 MB.

Unloading 4 unused Assets to reduce memory usage. Loaded Objects now: 1721.
Total: 1.438300 ms (FindLiveObjects: 0.148600 ms CreateObjectMapping: 0.026300 ms MarkObjects: 1.247400 ms  DeleteObjects: 0.015000 ms)

========================================================================
Received Prepare
Registering precompiled user dll's ...
Registered in 0.000393 seconds.
Begin MonoManager ReloadAssembly
Native extension for WindowsStandalone target not found
Refreshing native plugins compatible for Editor in 0.23 ms, found 0 plugins.
Preloading 0 native plugins for Editor in 0.00 ms.
Mono: successfully reloaded assembly
- Completed reload, in  0.589 seconds
Platform modules already initialized, skipping
Refreshing native plugins compatible for Editor in 0.24 ms, found 0 plugins.
Preloading 0 native plugins for Editor in 0.00 ms.
Unloading 1228 Unused Serialized files (Serialized files now loaded: 0)
System memory in use before: 64.5 MB.
System memory in use after: 64.6 MB.

Unloading 4 unused Assets to reduce memory usage. Loaded Objects now: 1724.
Total: 1.318900 ms (FindLiveObjects: 0.150300 ms CreateObjectMapping: 0.027500 ms MarkObjects: 1.130600 ms  DeleteObjects: 0.009200 ms)

AssetImportWorkerClient::OnTransportError - code=2 error=End of file
