Using pre-set license
Built from '2020.3/staging' branch; Version is '2020.3.6f1 (338bb68529b2) revision 3378102'; Using compiler version '192528614'; Build Type 'Release'
OS: 'Windows 10 Pro; OS build 19042.1052; Version 2009; 64bit' Language: 'en' Physical Memory: 32655 MB
BatchMode: 1, IsHumanControllingUs: 0, StartBugReporterOnCrash: 0, Is64bit: 1, IsPro: 0

 COMMAND LINE ARGUMENTS:
C:\Program Files\Unity\Hub\Editor\2020.3.6f1\Editor\Unity.exe
-adb2
-batchMode
-noUpm
-name
AssetImportWorker1
-projectPath
E:/Projects/Senior_Project_2020
-logFile
Logs/AssetImportWorker1.log
-srvPort
60972
Successfully changed project path to: E:/Projects/Senior_Project_2020
E:/Projects/Senior_Project_2020
Using Asset Import Pipeline V2.
Refreshing native plugins compatible for Editor in 66.25 ms, found 0 plugins.
Preloading 0 native plugins for Editor in 0.00 ms.
Initialize engine version: 2020.3.6f1 (338bb68529b2)
[Subsystems] Discovering subsystems at path C:/Program Files/Unity/Hub/Editor/2020.3.6f1/Editor/Data/Resources/UnitySubsystems
[Subsystems] Discovering subsystems at path E:/Projects/Senior_Project_2020/Assets
GfxDevice: creating device client; threaded=0
Direct3D:
    Version:  Direct3D 11.0 [level 11.1]
    Renderer: NVIDIA GeForce GTX 1080 (ID=0x1b80)
    Vendor:   
    VRAM:     8079 MB
    Driver:   27.21.14.6611
Initialize mono
Mono path[0] = 'C:/Program Files/Unity/Hub/Editor/2020.3.6f1/Editor/Data/Managed'
Mono path[1] = 'C:/Program Files/Unity/Hub/Editor/2020.3.6f1/Editor/Data/MonoBleedingEdge/lib/mono/unityjit'
Mono config path = 'C:/Program Files/Unity/Hub/Editor/2020.3.6f1/Editor/Data/MonoBleedingEdge/etc'
Using monoOptions --debugger-agent=transport=dt_socket,embedding=1,server=y,suspend=n,address=127.0.0.1:56168
Begin MonoManager ReloadAssembly
Registering precompiled unity dll's ...
Register platform support module: C:/Program Files/Unity/Hub/Editor/2020.3.6f1/Editor/Data/PlaybackEngines/WindowsStandaloneSupport/UnityEditor.WindowsStandalone.Extensions.dll
Registered in 0.001559 seconds.
Native extension for WindowsStandalone target not found
Refreshing native plugins compatible for Editor in 69.48 ms, found 0 plugins.
Preloading 0 native plugins for Editor in 0.00 ms.
Mono: successfully reloaded assembly
- Completed reload, in  0.968 seconds
Platform modules already initialized, skipping
Registering precompiled user dll's ...
Registered in 0.001795 seconds.
Begin MonoManager ReloadAssembly
Native extension for WindowsStandalone target not found
Refreshing native plugins compatible for Editor in 71.99 ms, found 0 plugins.
Preloading 0 native plugins for Editor in 0.00 ms.
Mono: successfully reloaded assembly
- Completed reload, in  1.009 seconds
Platform modules already initialized, skipping
========================================================================
Worker process is ready to serve import requests
Launched and connected shader compiler UnityShaderCompiler.exe after 0.07 seconds
Refreshing native plugins compatible for Editor in 0.68 ms, found 0 plugins.
Preloading 0 native plugins for Editor in 0.00 ms.
Unloading 4124 Unused Serialized files (Serialized files now loaded: 0)
System memory in use before: 179.6 MB.
System memory in use after: 179.8 MB.

Unloading 16 unused Assets to reduce memory usage. Loaded Objects now: 4579.
Total: 2.537800 ms (FindLiveObjects: 0.393700 ms CreateObjectMapping: 0.114800 ms MarkObjects: 1.970700 ms  DeleteObjects: 0.057600 ms)

AssetImportParameters requested are different than current active one (requested -> active):
  custom:srp/default-shader: 0d000000000000000000000000000000 -> 00a0da0d000000000000000000000000
========================================================================
Received Import Request.
  path: Assets/Prefabs/Player.prefab
  artifactKey: Guid(e6a52654be4de0d4591e692ac2014cd2) Importer(815301076,1909f56bfc062723c751e8b465ee728b)
Start importing Assets/Prefabs/Player.prefab using Guid(e6a52654be4de0d4591e692ac2014cd2) Importer(815301076,1909f56bfc062723c751e8b465ee728b) Launched and connected shader compiler UnityShaderCompiler.exe after 0.04 seconds
Launched and connected shader compiler UnityShaderCompiler.exe after 0.04 seconds
Launched and connected shader compiler UnityShaderCompiler.exe after 0.04 seconds
Launched and connected shader compiler UnityShaderCompiler.exe after 0.04 seconds
Launched and connected shader compiler UnityShaderCompiler.exe after 0.04 seconds
Launched and connected shader compiler UnityShaderCompiler.exe after 0.04 seconds
Launched and connected shader compiler UnityShaderCompiler.exe after 0.04 seconds
Launched and connected shader compiler UnityShaderCompiler.exe after 0.04 seconds
Launched and connected shader compiler UnityShaderCompiler.exe after 0.04 seconds
Launched and connected shader compiler UnityShaderCompiler.exe after 0.04 seconds
Launched and connected shader compiler UnityShaderCompiler.exe after 0.04 seconds
Launched and connected shader compiler UnityShaderCompiler.exe after 0.04 seconds
Launched and connected shader compiler UnityShaderCompiler.exe after 0.04 seconds
Launched and connected shader compiler UnityShaderCompiler.exe after 0.04 seconds
Launched and connected shader compiler UnityShaderCompiler.exe after 0.04 seconds
Launched and connected shader compiler UnityShaderCompiler.exe after 0.04 seconds
Launched and connected shader compiler UnityShaderCompiler.exe after 0.04 seconds
Launched and connected shader compiler UnityShaderCompiler.exe after 0.04 seconds
Launched and connected shader compiler UnityShaderCompiler.exe after 0.04 seconds
Launched and connected shader compiler UnityShaderCompiler.exe after 0.04 seconds
Launched and connected shader compiler UnityShaderCompiler.exe after 0.04 seconds
Launched and connected shader compiler UnityShaderCompiler.exe after 0.04 seconds
Launched and connected shader compiler UnityShaderCompiler.exe after 0.04 seconds
Launched and connected shader compiler UnityShaderCompiler.exe after 0.04 seconds
Launched and connected shader compiler UnityShaderCompiler.exe after 0.04 seconds
Launched and connected shader compiler UnityShaderCompiler.exe after 0.04 seconds
Launched and connected shader compiler UnityShaderCompiler.exe after 0.04 seconds
Launched and connected shader compiler UnityShaderCompiler.exe after 0.04 seconds
Launched and connected shader compiler UnityShaderCompiler.exe after 0.04 seconds
Launched and connected shader compiler UnityShaderCompiler.exe after 0.04 seconds
Launched and connected shader compiler UnityShaderCompiler.exe after 0.04 seconds
 -> (artifact id: 'cc14218ee5487765c35ba2b2741a060d') in 2.687220 seconds
  Import took 2.697707 seconds .

========================================================================
Received Import Request.
  Time since last request: 0.000177 seconds.
  path: Assets/Prefabs/Player.prefab
  artifactKey: Guid(e6a52654be4de0d4591e692ac2014cd2) Importer(815301076,1909f56bfc062723c751e8b465ee728b)
Start importing Assets/Prefabs/Player.prefab using Guid(e6a52654be4de0d4591e692ac2014cd2) Importer(815301076,1909f56bfc062723c751e8b465ee728b)  -> (artifact id: '17b4be8ba9fcc972c8d90037b8173617') in 0.052609 seconds
  Import took 0.059389 seconds .

========================================================================
Received Prepare
Registering precompiled user dll's ...
Registered in 0.002060 seconds.
Begin MonoManager ReloadAssembly
Native extension for WindowsStandalone target not found
Refreshing native plugins compatible for Editor in 0.69 ms, found 0 plugins.
Preloading 0 native plugins for Editor in 0.00 ms.
Mono: successfully reloaded assembly
- Completed reload, in  1.053 seconds
Platform modules already initialized, skipping
Refreshing native plugins compatible for Editor in 0.68 ms, found 0 plugins.
Preloading 0 native plugins for Editor in 0.00 ms.
Unloading 4166 Unused Serialized files (Serialized files now loaded: 0)
System memory in use before: 199.2 MB.
System memory in use after: 199.5 MB.

Unloading 11 unused Assets to reduce memory usage. Loaded Objects now: 4887.
Total: 2.783100 ms (FindLiveObjects: 0.497700 ms CreateObjectMapping: 0.107400 ms MarkObjects: 2.156600 ms  DeleteObjects: 0.020000 ms)

========================================================================
Received Prepare
Registering precompiled user dll's ...
Registered in 0.002211 seconds.
Begin MonoManager ReloadAssembly
Native extension for WindowsStandalone target not found
Refreshing native plugins compatible for Editor in 0.69 ms, found 0 plugins.
Preloading 0 native plugins for Editor in 0.00 ms.
Mono: successfully reloaded assembly
- Completed reload, in  0.940 seconds
Platform modules already initialized, skipping
Refreshing native plugins compatible for Editor in 0.69 ms, found 0 plugins.
Preloading 0 native plugins for Editor in 0.00 ms.
Unloading 3984 Unused Serialized files (Serialized files now loaded: 0)
System memory in use before: 193.6 MB.
System memory in use after: 193.8 MB.

Unloading 10 unused Assets to reduce memory usage. Loaded Objects now: 4890.
Total: 2.668200 ms (FindLiveObjects: 0.429400 ms CreateObjectMapping: 0.121500 ms MarkObjects: 2.097800 ms  DeleteObjects: 0.018000 ms)

AssetImportParameters requested are different than current active one (requested -> active):
  custom:srp/default-shader: 00a0da0d000000000000000000000000 -> 0d000000000000000000000000000000
========================================================================
Received Prepare
Registering precompiled user dll's ...
Registered in 0.002093 seconds.
Begin MonoManager ReloadAssembly
Native extension for WindowsStandalone target not found
Refreshing native plugins compatible for Editor in 0.68 ms, found 0 plugins.
Preloading 0 native plugins for Editor in 0.00 ms.
Mono: successfully reloaded assembly
- Completed reload, in  0.948 seconds
Platform modules already initialized, skipping
Refreshing native plugins compatible for Editor in 0.69 ms, found 0 plugins.
Preloading 0 native plugins for Editor in 0.00 ms.
Unloading 3984 Unused Serialized files (Serialized files now loaded: 0)
System memory in use before: 193.6 MB.
System memory in use after: 193.9 MB.

Unloading 10 unused Assets to reduce memory usage. Loaded Objects now: 4893.
Total: 2.671200 ms (FindLiveObjects: 0.410900 ms CreateObjectMapping: 0.103100 ms MarkObjects: 2.138500 ms  DeleteObjects: 0.017300 ms)

AssetImportParameters requested are different than current active one (requested -> active):
  custom:srp/default-shader: 00a0da0d000000000000000000000000 -> 0d000000000000000000000000000000
========================================================================
Received Prepare
Registering precompiled user dll's ...
Registered in 0.002162 seconds.
Begin MonoManager ReloadAssembly
Native extension for WindowsStandalone target not found
Refreshing native plugins compatible for Editor in 0.68 ms, found 0 plugins.
Preloading 0 native plugins for Editor in 0.00 ms.
Mono: successfully reloaded assembly
- Completed reload, in  0.954 seconds
Platform modules already initialized, skipping
Refreshing native plugins compatible for Editor in 0.73 ms, found 0 plugins.
Preloading 0 native plugins for Editor in 0.00 ms.
Unloading 3984 Unused Serialized files (Serialized files now loaded: 0)
System memory in use before: 193.7 MB.
System memory in use after: 193.9 MB.

Unloading 10 unused Assets to reduce memory usage. Loaded Objects now: 4896.
Total: 3.087200 ms (FindLiveObjects: 0.504100 ms CreateObjectMapping: 0.106900 ms MarkObjects: 2.456700 ms  DeleteObjects: 0.018300 ms)

AssetImportParameters requested are different than current active one (requested -> active):
  custom:srp/default-shader: 00a0da0d000000000000000000000000 -> 0d000000000000000000000000000000
========================================================================
Received Prepare
Registering precompiled user dll's ...
Registered in 0.002216 seconds.
Begin MonoManager ReloadAssembly
Native extension for WindowsStandalone target not found
Refreshing native plugins compatible for Editor in 0.67 ms, found 0 plugins.
Preloading 0 native plugins for Editor in 0.00 ms.
Mono: successfully reloaded assembly
- Completed reload, in  0.937 seconds
Platform modules already initialized, skipping
Refreshing native plugins compatible for Editor in 0.73 ms, found 0 plugins.
Preloading 0 native plugins for Editor in 0.00 ms.
Unloading 3984 Unused Serialized files (Serialized files now loaded: 0)
System memory in use before: 193.7 MB.
System memory in use after: 193.9 MB.

Unloading 10 unused Assets to reduce memory usage. Loaded Objects now: 4899.
Total: 3.442400 ms (FindLiveObjects: 0.542600 ms CreateObjectMapping: 0.357500 ms MarkObjects: 2.520600 ms  DeleteObjects: 0.021100 ms)

AssetImportParameters requested are different than current active one (requested -> active):
  custom:srp/default-shader: 00a0da0d000000000000000000000000 -> 0d000000000000000000000000000000
========================================================================
Received Prepare
Registering precompiled user dll's ...
Registered in 0.002050 seconds.
Begin MonoManager ReloadAssembly
Native extension for WindowsStandalone target not found
Refreshing native plugins compatible for Editor in 0.68 ms, found 0 plugins.
Preloading 0 native plugins for Editor in 0.00 ms.
Mono: successfully reloaded assembly
- Completed reload, in  0.961 seconds
Platform modules already initialized, skipping
Refreshing native plugins compatible for Editor in 0.67 ms, found 0 plugins.
Preloading 0 native plugins for Editor in 0.00 ms.
Unloading 3984 Unused Serialized files (Serialized files now loaded: 0)
System memory in use before: 193.7 MB.
System memory in use after: 193.9 MB.

Unloading 10 unused Assets to reduce memory usage. Loaded Objects now: 4902.
Total: 2.888800 ms (FindLiveObjects: 0.459600 ms CreateObjectMapping: 0.268500 ms MarkObjects: 2.142700 ms  DeleteObjects: 0.017100 ms)

AssetImportParameters requested are different than current active one (requested -> active):
  custom:srp/default-shader: 00a0da0d000000000000000000000000 -> 0d000000000000000000000000000000
========================================================================
Received Prepare
Refreshing native plugins compatible for Editor in 1.63 ms, found 0 plugins.
Preloading 0 native plugins for Editor in 0.00 ms.
Unloading 8 Unused Serialized files (Serialized files now loaded: 0)
System memory in use before: 115.3 MB.
System memory in use after: 115.5 MB.

Unloading 7 unused Assets to reduce memory usage. Loaded Objects now: 4902.
Total: 2.775700 ms (FindLiveObjects: 0.443100 ms CreateObjectMapping: 0.122100 ms MarkObjects: 2.195700 ms  DeleteObjects: 0.013800 ms)

========================================================================
Received Prepare
Registering precompiled user dll's ...
Registered in 0.002082 seconds.
Begin MonoManager ReloadAssembly
Native extension for WindowsStandalone target not found
Refreshing native plugins compatible for Editor in 0.68 ms, found 0 plugins.
Preloading 0 native plugins for Editor in 0.00 ms.
Mono: successfully reloaded assembly
- Completed reload, in  0.935 seconds
Platform modules already initialized, skipping
Refreshing native plugins compatible for Editor in 0.68 ms, found 0 plugins.
Preloading 0 native plugins for Editor in 0.00 ms.
Unloading 3984 Unused Serialized files (Serialized files now loaded: 0)
System memory in use before: 193.7 MB.
System memory in use after: 194.0 MB.

Unloading 10 unused Assets to reduce memory usage. Loaded Objects now: 4905.
Total: 2.953400 ms (FindLiveObjects: 0.399200 ms CreateObjectMapping: 0.111200 ms MarkObjects: 2.422900 ms  DeleteObjects: 0.019300 ms)

========================================================================
Received Prepare
Registering precompiled user dll's ...
Registered in 0.002104 seconds.
Begin MonoManager ReloadAssembly
Native extension for WindowsStandalone target not found
Refreshing native plugins compatible for Editor in 0.68 ms, found 0 plugins.
Preloading 0 native plugins for Editor in 0.00 ms.
Mono: successfully reloaded assembly
- Completed reload, in  0.940 seconds
Platform modules already initialized, skipping
Refreshing native plugins compatible for Editor in 0.69 ms, found 0 plugins.
Preloading 0 native plugins for Editor in 0.00 ms.
Unloading 3984 Unused Serialized files (Serialized files now loaded: 0)
System memory in use before: 193.7 MB.
System memory in use after: 194.0 MB.

Unloading 10 unused Assets to reduce memory usage. Loaded Objects now: 4908.
Total: 2.679100 ms (FindLiveObjects: 0.402700 ms CreateObjectMapping: 0.108000 ms MarkObjects: 2.152500 ms  DeleteObjects: 0.014800 ms)

========================================================================
Received Import Request.
  Time since last request: 938.854246 seconds.
  path: Assets/Prefabs/Player.prefab
  artifactKey: Guid(e6a52654be4de0d4591e692ac2014cd2) Importer(815301076,1909f56bfc062723c751e8b465ee728b)
Start importing Assets/Prefabs/Player.prefab using Guid(e6a52654be4de0d4591e692ac2014cd2) Importer(815301076,1909f56bfc062723c751e8b465ee728b)  -> (artifact id: '8d8daac710fc83d371e43f7c37ec1162') in 0.458359 seconds
  Import took 0.464990 seconds .

========================================================================
Received Import Request.
  Time since last request: 7.969444 seconds.
  path: Assets/Prefabs/Player.prefab
  artifactKey: Guid(e6a52654be4de0d4591e692ac2014cd2) Importer(815301076,1909f56bfc062723c751e8b465ee728b)
Start importing Assets/Prefabs/Player.prefab using Guid(e6a52654be4de0d4591e692ac2014cd2) Importer(815301076,1909f56bfc062723c751e8b465ee728b)  -> (artifact id: '256f53ae9fce868555d8794e3429fc49') in 0.020057 seconds
  Import took 0.026376 seconds .

========================================================================
Received Import Request.
  Time since last request: 4.373128 seconds.
  path: Assets/Prefabs/Player.prefab
  artifactKey: Guid(e6a52654be4de0d4591e692ac2014cd2) Importer(815301076,1909f56bfc062723c751e8b465ee728b)
Start importing Assets/Prefabs/Player.prefab using Guid(e6a52654be4de0d4591e692ac2014cd2) Importer(815301076,1909f56bfc062723c751e8b465ee728b)  -> (artifact id: '9deb18dfb960071b359a726594c44659') in 0.019340 seconds
  Import took 0.025655 seconds .

========================================================================
Received Import Request.
  Time since last request: 1.855064 seconds.
  path: Assets/Prefabs/Player.prefab
  artifactKey: Guid(e6a52654be4de0d4591e692ac2014cd2) Importer(815301076,1909f56bfc062723c751e8b465ee728b)
Start importing Assets/Prefabs/Player.prefab using Guid(e6a52654be4de0d4591e692ac2014cd2) Importer(815301076,1909f56bfc062723c751e8b465ee728b)  -> (artifact id: '3a6bb4d271a3a248a1249afb8bdb5b45') in 0.018708 seconds
  Import took 0.025231 seconds .

========================================================================
Received Import Request.
  Time since last request: 4.007581 seconds.
  path: Assets/Prefabs/Player.prefab
  artifactKey: Guid(e6a52654be4de0d4591e692ac2014cd2) Importer(815301076,1909f56bfc062723c751e8b465ee728b)
Start importing Assets/Prefabs/Player.prefab using Guid(e6a52654be4de0d4591e692ac2014cd2) Importer(815301076,1909f56bfc062723c751e8b465ee728b)  -> (artifact id: 'c0d6ea5537c8a6ced8c16f7c74ea9f60') in 0.022183 seconds
  Import took 0.028650 seconds .

========================================================================
Received Import Request.
  Time since last request: 12.287901 seconds.
  path: Assets/Prefabs/Player.prefab
  artifactKey: Guid(e6a52654be4de0d4591e692ac2014cd2) Importer(815301076,1909f56bfc062723c751e8b465ee728b)
Start importing Assets/Prefabs/Player.prefab using Guid(e6a52654be4de0d4591e692ac2014cd2) Importer(815301076,1909f56bfc062723c751e8b465ee728b)  -> (artifact id: 'cc51c6037d01533584385b3e7071fba9') in 0.019192 seconds
  Import took 0.025526 seconds .

========================================================================
Received Import Request.
  Time since last request: 2.212056 seconds.
  path: Assets/Prefabs/Player.prefab
  artifactKey: Guid(e6a52654be4de0d4591e692ac2014cd2) Importer(815301076,1909f56bfc062723c751e8b465ee728b)
Start importing Assets/Prefabs/Player.prefab using Guid(e6a52654be4de0d4591e692ac2014cd2) Importer(815301076,1909f56bfc062723c751e8b465ee728b)  -> (artifact id: '5a5d14442f70d77825ec24ce10386565') in 0.018679 seconds
  Import took 0.025084 seconds .

========================================================================
Received Import Request.
  Time since last request: 2.373398 seconds.
  path: Assets/Prefabs/Player.prefab
  artifactKey: Guid(e6a52654be4de0d4591e692ac2014cd2) Importer(815301076,1909f56bfc062723c751e8b465ee728b)
Start importing Assets/Prefabs/Player.prefab using Guid(e6a52654be4de0d4591e692ac2014cd2) Importer(815301076,1909f56bfc062723c751e8b465ee728b)  -> (artifact id: '7b3580646efcf03dc368f7312426fc23') in 0.018888 seconds
  Import took 0.025800 seconds .

========================================================================
Received Prepare
Registering precompiled user dll's ...
Registered in 0.002052 seconds.
Begin MonoManager ReloadAssembly
Native extension for WindowsStandalone target not found
Refreshing native plugins compatible for Editor in 0.68 ms, found 0 plugins.
Preloading 0 native plugins for Editor in 0.00 ms.
Mono: successfully reloaded assembly
- Completed reload, in  0.952 seconds
Platform modules already initialized, skipping
Refreshing native plugins compatible for Editor in 0.69 ms, found 0 plugins.
Preloading 0 native plugins for Editor in 0.00 ms.
Unloading 3984 Unused Serialized files (Serialized files now loaded: 0)
System memory in use before: 196.2 MB.
System memory in use after: 196.4 MB.

Unloading 11 unused Assets to reduce memory usage. Loaded Objects now: 5011.
Total: 2.861300 ms (FindLiveObjects: 0.456800 ms CreateObjectMapping: 0.103400 ms MarkObjects: 2.277000 ms  DeleteObjects: 0.023200 ms)

========================================================================
Received Prepare
Registering precompiled user dll's ...
Registered in 0.002167 seconds.
Begin MonoManager ReloadAssembly
Native extension for WindowsStandalone target not found
Refreshing native plugins compatible for Editor in 0.67 ms, found 0 plugins.
Preloading 0 native plugins for Editor in 0.00 ms.
Mono: successfully reloaded assembly
- Completed reload, in  0.937 seconds
Platform modules already initialized, skipping
Refreshing native plugins compatible for Editor in 0.70 ms, found 0 plugins.
Preloading 0 native plugins for Editor in 0.00 ms.
Unloading 3984 Unused Serialized files (Serialized files now loaded: 0)
System memory in use before: 196.0 MB.
System memory in use after: 196.2 MB.

Unloading 10 unused Assets to reduce memory usage. Loaded Objects now: 5014.
Total: 3.015000 ms (FindLiveObjects: 0.580900 ms CreateObjectMapping: 0.250900 ms MarkObjects: 2.162400 ms  DeleteObjects: 0.019900 ms)

AssetImportParameters requested are different than current active one (requested -> active):
  custom:srp/default-shader: 00a0da0d000000000000000000000000 -> 0d000000000000000000000000000000
========================================================================
Received Import Request.
  Time since last request: 104.195275 seconds.
  path: Assets/Prefabs/Player.prefab
  artifactKey: Guid(e6a52654be4de0d4591e692ac2014cd2) Importer(815301076,1909f56bfc062723c751e8b465ee728b)
Start importing Assets/Prefabs/Player.prefab using Guid(e6a52654be4de0d4591e692ac2014cd2) Importer(815301076,1909f56bfc062723c751e8b465ee728b)  -> (artifact id: '8666b8e003fef53b463fd65cb6fe20e6') in 0.447016 seconds
  Import took 0.453429 seconds .

========================================================================
Received Prepare
Refreshing native plugins compatible for Editor in 1.61 ms, found 0 plugins.
Preloading 0 native plugins for Editor in 0.00 ms.
Unloading 8 Unused Serialized files (Serialized files now loaded: 0)
System memory in use before: 123.7 MB.
System memory in use after: 124.0 MB.

Unloading 8 unused Assets to reduce memory usage. Loaded Objects now: 5323.
Total: 4.968900 ms (FindLiveObjects: 0.572300 ms CreateObjectMapping: 0.107300 ms MarkObjects: 4.264500 ms  DeleteObjects: 0.024000 ms)

========================================================================
Received Import Request.
  Time since last request: 5.840558 seconds.
  path: Assets/Prefabs/Player.prefab
  artifactKey: Guid(e6a52654be4de0d4591e692ac2014cd2) Importer(815301076,1909f56bfc062723c751e8b465ee728b)
Start importing Assets/Prefabs/Player.prefab using Guid(e6a52654be4de0d4591e692ac2014cd2) Importer(815301076,1909f56bfc062723c751e8b465ee728b)  -> (artifact id: 'e5612ed40374ff176104fc6f956d108f') in 0.024459 seconds
  Import took 0.030875 seconds .

========================================================================
Received Import Request.
  Time since last request: 4.343777 seconds.
  path: Assets/Prefabs/Player.prefab
  artifactKey: Guid(e6a52654be4de0d4591e692ac2014cd2) Importer(815301076,1909f56bfc062723c751e8b465ee728b)
Start importing Assets/Prefabs/Player.prefab using Guid(e6a52654be4de0d4591e692ac2014cd2) Importer(815301076,1909f56bfc062723c751e8b465ee728b)  -> (artifact id: 'eab9b3d01fd8bb8d7e47ecd9f853a1c3') in 0.021987 seconds
  Import took 0.028652 seconds .

========================================================================
Received Import Request.
  Time since last request: 16.274018 seconds.
  path: Assets/Prefabs/Player.prefab
  artifactKey: Guid(e6a52654be4de0d4591e692ac2014cd2) Importer(815301076,1909f56bfc062723c751e8b465ee728b)
Start importing Assets/Prefabs/Player.prefab using Guid(e6a52654be4de0d4591e692ac2014cd2) Importer(815301076,1909f56bfc062723c751e8b465ee728b)  -> (artifact id: '11a1e89bac9220d87068d6426285f30f') in 0.021389 seconds
  Import took 0.028072 seconds .

========================================================================
Received Import Request.
  Time since last request: 4.618460 seconds.
  path: Assets/Prefabs/Player.prefab
  artifactKey: Guid(e6a52654be4de0d4591e692ac2014cd2) Importer(815301076,1909f56bfc062723c751e8b465ee728b)
Start importing Assets/Prefabs/Player.prefab using Guid(e6a52654be4de0d4591e692ac2014cd2) Importer(815301076,1909f56bfc062723c751e8b465ee728b)  -> (artifact id: '6125bfb9e12b2633797e83f8e72e74dd') in 0.019677 seconds
  Import took 0.026151 seconds .

========================================================================
Received Import Request.
  Time since last request: 5.352144 seconds.
  path: Assets/Prefabs/Player.prefab
  artifactKey: Guid(e6a52654be4de0d4591e692ac2014cd2) Importer(815301076,1909f56bfc062723c751e8b465ee728b)
Start importing Assets/Prefabs/Player.prefab using Guid(e6a52654be4de0d4591e692ac2014cd2) Importer(815301076,1909f56bfc062723c751e8b465ee728b)  -> (artifact id: '2ef7741d89a66b251f44fe95c35c3ae4') in 0.018321 seconds
  Import took 0.024860 seconds .

========================================================================
Received Import Request.
  Time since last request: 3.874683 seconds.
  path: Assets/Prefabs/Player.prefab
  artifactKey: Guid(e6a52654be4de0d4591e692ac2014cd2) Importer(815301076,1909f56bfc062723c751e8b465ee728b)
Start importing Assets/Prefabs/Player.prefab using Guid(e6a52654be4de0d4591e692ac2014cd2) Importer(815301076,1909f56bfc062723c751e8b465ee728b)  -> (artifact id: '9a745b333379922cc40ed4db0f9cfa7f') in 0.018389 seconds
  Import took 0.025024 seconds .

========================================================================
Received Import Request.
  Time since last request: 4.995051 seconds.
  path: Assets/Prefabs/Player.prefab
  artifactKey: Guid(e6a52654be4de0d4591e692ac2014cd2) Importer(815301076,1909f56bfc062723c751e8b465ee728b)
Start importing Assets/Prefabs/Player.prefab using Guid(e6a52654be4de0d4591e692ac2014cd2) Importer(815301076,1909f56bfc062723c751e8b465ee728b)  -> (artifact id: '39d3a77dd554739c8b9dfb012c24d44f') in 0.018733 seconds
  Import took 0.025110 seconds .

========================================================================
Received Prepare
Registering precompiled user dll's ...
Registered in 0.002153 seconds.
Begin MonoManager ReloadAssembly
Native extension for WindowsStandalone target not found
Refreshing native plugins compatible for Editor in 0.68 ms, found 0 plugins.
Preloading 0 native plugins for Editor in 0.00 ms.
Mono: successfully reloaded assembly
- Completed reload, in  0.966 seconds
Platform modules already initialized, skipping
Refreshing native plugins compatible for Editor in 0.67 ms, found 0 plugins.
Preloading 0 native plugins for Editor in 0.00 ms.
Unloading 3984 Unused Serialized files (Serialized files now loaded: 0)
System memory in use before: 196.6 MB.
System memory in use after: 196.8 MB.

Unloading 11 unused Assets to reduce memory usage. Loaded Objects now: 5117.
Total: 2.872800 ms (FindLiveObjects: 0.486300 ms CreateObjectMapping: 0.107800 ms MarkObjects: 2.256000 ms  DeleteObjects: 0.021600 ms)

AssetImportParameters requested are different than current active one (requested -> active):
  custom:srp/default-shader: 00a0da0d000000000000000000000000 -> 0d000000000000000000000000000000
========================================================================
Received Prepare
Refreshing native plugins compatible for Editor in 1.64 ms, found 0 plugins.
Preloading 0 native plugins for Editor in 0.00 ms.
Unloading 8 Unused Serialized files (Serialized files now loaded: 0)
System memory in use before: 118.1 MB.
System memory in use after: 118.4 MB.

Unloading 7 unused Assets to reduce memory usage. Loaded Objects now: 5117.
Total: 2.857400 ms (FindLiveObjects: 0.489100 ms CreateObjectMapping: 0.105800 ms MarkObjects: 2.248200 ms  DeleteObjects: 0.013100 ms)

========================================================================
Received Prepare
Registering precompiled user dll's ...
Registered in 0.002082 seconds.
Begin MonoManager ReloadAssembly
Native extension for WindowsStandalone target not found
Refreshing native plugins compatible for Editor in 0.71 ms, found 0 plugins.
Preloading 0 native plugins for Editor in 0.00 ms.
Mono: successfully reloaded assembly
- Completed reload, in  0.943 seconds
Platform modules already initialized, skipping
Refreshing native plugins compatible for Editor in 0.71 ms, found 0 plugins.
Preloading 0 native plugins for Editor in 0.00 ms.
Unloading 3984 Unused Serialized files (Serialized files now loaded: 0)
System memory in use before: 196.4 MB.
System memory in use after: 196.6 MB.

Unloading 10 unused Assets to reduce memory usage. Loaded Objects now: 5120.
Total: 2.975300 ms (FindLiveObjects: 0.426200 ms CreateObjectMapping: 0.109800 ms MarkObjects: 2.421100 ms  DeleteObjects: 0.017700 ms)

AssetImportParameters requested are different than current active one (requested -> active):
  custom:srp/default-shader: 00a0da0d000000000000000000000000 -> 0d000000000000000000000000000000
========================================================================
Received Prepare
Refreshing native plugins compatible for Editor in 1.58 ms, found 0 plugins.
Preloading 0 native plugins for Editor in 0.00 ms.
Unloading 8 Unused Serialized files (Serialized files now loaded: 0)
System memory in use before: 118.0 MB.
System memory in use after: 118.2 MB.

Unloading 7 unused Assets to reduce memory usage. Loaded Objects now: 5120.
Total: 2.770700 ms (FindLiveObjects: 0.439800 ms CreateObjectMapping: 0.105300 ms MarkObjects: 2.211100 ms  DeleteObjects: 0.013600 ms)

========================================================================
Received Prepare
Registering precompiled user dll's ...
Registered in 0.002097 seconds.
Begin MonoManager ReloadAssembly
Native extension for WindowsStandalone target not found
Refreshing native plugins compatible for Editor in 0.69 ms, found 0 plugins.
Preloading 0 native plugins for Editor in 0.00 ms.
Mono: successfully reloaded assembly
- Completed reload, in  0.923 seconds
Platform modules already initialized, skipping
Refreshing native plugins compatible for Editor in 0.69 ms, found 0 plugins.
Preloading 0 native plugins for Editor in 0.00 ms.
Unloading 3984 Unused Serialized files (Serialized files now loaded: 0)
System memory in use before: 196.4 MB.
System memory in use after: 196.7 MB.

Unloading 10 unused Assets to reduce memory usage. Loaded Objects now: 5123.
Total: 3.257500 ms (FindLiveObjects: 0.545700 ms CreateObjectMapping: 0.259800 ms MarkObjects: 2.428900 ms  DeleteObjects: 0.022000 ms)

========================================================================
Received Prepare
Registering precompiled user dll's ...
Registered in 0.002198 seconds.
Begin MonoManager ReloadAssembly
Native extension for WindowsStandalone target not found
Refreshing native plugins compatible for Editor in 0.76 ms, found 0 plugins.
Preloading 0 native plugins for Editor in 0.00 ms.
Mono: successfully reloaded assembly
- Completed reload, in  0.936 seconds
Platform modules already initialized, skipping
Refreshing native plugins compatible for Editor in 0.69 ms, found 0 plugins.
Preloading 0 native plugins for Editor in 0.00 ms.
Unloading 3984 Unused Serialized files (Serialized files now loaded: 0)
System memory in use before: 196.4 MB.
System memory in use after: 196.7 MB.

Unloading 10 unused Assets to reduce memory usage. Loaded Objects now: 5126.
Total: 2.960700 ms (FindLiveObjects: 0.420700 ms CreateObjectMapping: 0.105700 ms MarkObjects: 2.415300 ms  DeleteObjects: 0.017800 ms)

AssetImportParameters requested are different than current active one (requested -> active):
  custom:srp/default-shader: 00a0da0d000000000000000000000000 -> 0d000000000000000000000000000000
========================================================================
Received Prepare
Registering precompiled user dll's ...
Registered in 0.002076 seconds.
Begin MonoManager ReloadAssembly
Native extension for WindowsStandalone target not found
Refreshing native plugins compatible for Editor in 0.66 ms, found 0 plugins.
Preloading 0 native plugins for Editor in 0.00 ms.
Mono: successfully reloaded assembly
- Completed reload, in  0.939 seconds
Platform modules already initialized, skipping
Refreshing native plugins compatible for Editor in 0.70 ms, found 0 plugins.
Preloading 0 native plugins for Editor in 0.00 ms.
Unloading 3984 Unused Serialized files (Serialized files now loaded: 0)
System memory in use before: 196.4 MB.
System memory in use after: 196.7 MB.

Unloading 10 unused Assets to reduce memory usage. Loaded Objects now: 5129.
Total: 3.293700 ms (FindLiveObjects: 0.414300 ms CreateObjectMapping: 0.304200 ms MarkObjects: 2.554200 ms  DeleteObjects: 0.019800 ms)

AssetImportParameters requested are different than current active one (requested -> active):
  custom:srp/default-shader: 00a0da0d000000000000000000000000 -> 0d000000000000000000000000000000
========================================================================
Received Prepare
Registering precompiled user dll's ...
Registered in 0.002037 seconds.
Begin MonoManager ReloadAssembly
Native extension for WindowsStandalone target not found
Refreshing native plugins compatible for Editor in 0.67 ms, found 0 plugins.
Preloading 0 native plugins for Editor in 0.00 ms.
Mono: successfully reloaded assembly
- Completed reload, in  0.923 seconds
Platform modules already initialized, skipping
Refreshing native plugins compatible for Editor in 0.69 ms, found 0 plugins.
Preloading 0 native plugins for Editor in 0.00 ms.
Unloading 3984 Unused Serialized files (Serialized files now loaded: 0)
System memory in use before: 196.4 MB.
System memory in use after: 196.7 MB.

Unloading 10 unused Assets to reduce memory usage. Loaded Objects now: 5132.
Total: 2.861800 ms (FindLiveObjects: 0.402400 ms CreateObjectMapping: 0.122600 ms MarkObjects: 2.321500 ms  DeleteObjects: 0.014400 ms)

AssetImportParameters requested are different than current active one (requested -> active):
  custom:srp/default-shader: 00a0da0d000000000000000000000000 -> 0d000000000000000000000000000000
========================================================================
Received Prepare
Registering precompiled user dll's ...
Registered in 0.002089 seconds.
Begin MonoManager ReloadAssembly
Native extension for WindowsStandalone target not found
Refreshing native plugins compatible for Editor in 0.66 ms, found 0 plugins.
Preloading 0 native plugins for Editor in 0.00 ms.
Mono: successfully reloaded assembly
- Completed reload, in  0.934 seconds
Platform modules already initialized, skipping
Refreshing native plugins compatible for Editor in 0.75 ms, found 0 plugins.
Preloading 0 native plugins for Editor in 0.00 ms.
Unloading 3984 Unused Serialized files (Serialized files now loaded: 0)
System memory in use before: 196.4 MB.
System memory in use after: 196.7 MB.

Unloading 10 unused Assets to reduce memory usage. Loaded Objects now: 5135.
Total: 2.904000 ms (FindLiveObjects: 0.476600 ms CreateObjectMapping: 0.106000 ms MarkObjects: 2.304000 ms  DeleteObjects: 0.015900 ms)

AssetImportParameters requested are different than current active one (requested -> active):
  custom:srp/default-shader: 00a0da0d000000000000000000000000 -> 0d000000000000000000000000000000
========================================================================
Received Prepare
Registering precompiled user dll's ...
Registered in 0.002076 seconds.
Begin MonoManager ReloadAssembly
Native extension for WindowsStandalone target not found
Refreshing native plugins compatible for Editor in 0.67 ms, found 0 plugins.
Preloading 0 native plugins for Editor in 0.00 ms.
Mono: successfully reloaded assembly
- Completed reload, in  0.923 seconds
Platform modules already initialized, skipping
Refreshing native plugins compatible for Editor in 0.73 ms, found 0 plugins.
Preloading 0 native plugins for Editor in 0.00 ms.
Unloading 3984 Unused Serialized files (Serialized files now loaded: 0)
System memory in use before: 196.4 MB.
System memory in use after: 196.7 MB.

Unloading 10 unused Assets to reduce memory usage. Loaded Objects now: 5138.
Total: 3.018200 ms (FindLiveObjects: 0.461200 ms CreateObjectMapping: 0.125300 ms MarkObjects: 2.410800 ms  DeleteObjects: 0.020000 ms)

AssetImportParameters requested are different than current active one (requested -> active):
  custom:srp/default-shader: 00a0da0d000000000000000000000000 -> 0d000000000000000000000000000000
========================================================================
Received Prepare
Registering precompiled user dll's ...
Registered in 0.002060 seconds.
Begin MonoManager ReloadAssembly
Native extension for WindowsStandalone target not found
Refreshing native plugins compatible for Editor in 0.67 ms, found 0 plugins.
Preloading 0 native plugins for Editor in 0.00 ms.
Mono: successfully reloaded assembly
- Completed reload, in  0.929 seconds
Platform modules already initialized, skipping
Refreshing native plugins compatible for Editor in 0.69 ms, found 0 plugins.
Preloading 0 native plugins for Editor in 0.00 ms.
Unloading 3984 Unused Serialized files (Serialized files now loaded: 0)
System memory in use before: 196.5 MB.
System memory in use after: 196.7 MB.

Unloading 10 unused Assets to reduce memory usage. Loaded Objects now: 5141.
Total: 3.111500 ms (FindLiveObjects: 0.550700 ms CreateObjectMapping: 0.241300 ms MarkObjects: 2.300000 ms  DeleteObjects: 0.018600 ms)

AssetImportParameters requested are different than current active one (requested -> active):
  custom:srp/default-shader: 00a0da0d000000000000000000000000 -> 0d000000000000000000000000000000
========================================================================
Received Prepare
Registering precompiled user dll's ...
Registered in 0.002050 seconds.
Begin MonoManager ReloadAssembly
Native extension for WindowsStandalone target not found
Refreshing native plugins compatible for Editor in 0.68 ms, found 0 plugins.
Preloading 0 native plugins for Editor in 0.00 ms.
Mono: successfully reloaded assembly
- Completed reload, in  0.935 seconds
Platform modules already initialized, skipping
Refreshing native plugins compatible for Editor in 0.70 ms, found 0 plugins.
Preloading 0 native plugins for Editor in 0.00 ms.
Unloading 3984 Unused Serialized files (Serialized files now loaded: 0)
System memory in use before: 196.5 MB.
System memory in use after: 196.7 MB.

Unloading 10 unused Assets to reduce memory usage. Loaded Objects now: 5144.
Total: 3.100500 ms (FindLiveObjects: 0.441100 ms CreateObjectMapping: 0.109900 ms MarkObjects: 2.527800 ms  DeleteObjects: 0.020900 ms)

AssetImportParameters requested are different than current active one (requested -> active):
  custom:srp/default-shader: 00a0da0d000000000000000000000000 -> 0d000000000000000000000000000000
